This is pdfTeX, Version 3.14159265-2.6-1.40.16 (TeX Live 2015/Debian) (preloaded format=pdflatex 2017.3.18)  27 MAR 2017 19:23
entering extended mode
 restricted \write18 enabled.
 %&-line parsing enabled.
**relatorio_semanal-27/03-02/04.tex
(/usr/share/texlive/texmf-dist/tex/latex/tools/s.tex
! Interruption.
<to be read again> 
                   \begingroup 
l.1 
    %%
? 
LaTeX2e <2016/02/01>
Babel <3.9q> and hyphenation patterns for 5 language(s) loaded.
File ignored
)
*s;q

! LaTeX Error: Missing \begin{document}.

See the LaTeX manual or LaTeX Companion for explanation.
Type  H <return>  for immediate help.
 ...                                              
                                                  
<*> s
     ;q
You're in trouble here.  Try typing  <return>  to proceed.
If that doesn't work, type  X <return>  to quit.

Missing character: There is no s in font nullfont!
Missing character: There is no ; in font nullfont!
Missing character: There is no q in font nullfont!

*;^^C^^C^^C
Missing character: There is no ; in font nullfont!
! Text line contains an invalid character.
<*> ;^^C
        ^^C^^C
A funny symbol that I can't read has just been input.
Continue, and I'll forget that it ever happened.

! Text line contains an invalid character.
<*> ;^^C^^C
           ^^C
A funny symbol that I can't read has just been input.
Continue, and I'll forget that it ever happened.

! Text line contains an invalid character.
<*> ;^^C^^C^^C
              
A funny symbol that I can't read has just been input.
Continue, and I'll forget that it ever happened.


*

Overfull \hbox (20.0pt too wide) detected at line 0
[]
 []

(Please type a command or say `\end')
*
(Please type a command or say `\end')
*jjkkkkk^^[^^[ksmaka[

! LaTeX Error: Missing \begin{document}.

See the LaTeX manual or LaTeX Companion for explanation.
Type  H <return>  for immediate help.
 ...                                              
                                                  
<*> j
     jkkkkk^^[^^[ksmaka[
You're in trouble here.  Try typing  <return>  to proceed.
If that doesn't work, type  X <return>  to quit.

Missing character: There is no j in font nullfont!
Missing character: There is no j in font nullfont!
Missing character: There is no k in font nullfont!
Missing character: There is no k in font nullfont!
Missing character: There is no k in font nullfont!
Missing character: There is no k in font nullfont!
Missing character: There is no k in font nullfont!
! Text line contains an invalid character.
<*> jjkkkkk^^[
              ^^[ksmaka[
A funny symbol that I can't read has just been input.
Continue, and I'll forget that it ever happened.

! Text line contains an invalid character.
<*> jjkkkkk^^[^^[
                 ksmaka[
A funny symbol that I can't read has just been input.
Continue, and I'll forget that it ever happened.

Missing character: There is no k in font nullfont!
Missing character: There is no s in font nullfont!
Missing character: There is no m in font nullfont!
Missing character: There is no a in font nullfont!
Missing character: There is no k in font nullfont!
Missing character: There is no a in font nullfont!
Missing character: There is no [ in font nullfont!

*^^D^^D^^D^^D
! Text line contains an invalid character.
<*> ^^D
       ^^D^^D^^D
A funny symbol that I can't read has just been input.
Continue, and I'll forget that it ever happened.

! Text line contains an invalid character.
<*> ^^D^^D
          ^^D^^D
A funny symbol that I can't read has just been input.
Continue, and I'll forget that it ever happened.

! Text line contains an invalid character.
<*> ^^D^^D^^D
             ^^D
A funny symbol that I can't read has just been input.
Continue, and I'll forget that it ever happened.

! Text line contains an invalid character.
<*> ^^D^^D^^D^^D
                
A funny symbol that I can't read has just been input.
Continue, and I'll forget that it ever happened.


Overfull \hbox (20.0pt too wide) detected at line 0
[] 
 []


*
(Please type a command or say `\end')
*X

! LaTeX Error: Missing \begin{document}.

See the LaTeX manual or LaTeX Companion for explanation.
Type  H <return>  for immediate help.
 ...                                              
                                                  
<*> X
     
You're in trouble here.  Try typing  <return>  to proceed.
If that doesn't work, type  X <return>  to quit.

Missing character: There is no X in font nullfont!

*X\end
Missing character: There is no X in font nullfont!

*
Runaway argument?
! Paragraph ended before \end was complete.
<to be read again> 
                   \par 
<*> 
    
I suspect you've forgotten a `}', causing me to apply this
control sequence to too much text. How can we recover?
My plan is to forget the whole thing and hope for the best.


Overfull \hbox (20.0pt too wide) detected at line 0
[] 
 []

(Please type a command or say `\end')
*X

! LaTeX Error: Missing \begin{document}.

See the LaTeX manual or LaTeX Companion for explanation.
Type  H <return>  for immediate help.
 ...                                              
                                                  
<*> X
     
You're in trouble here.  Try typing  <return>  to proceed.
If that doesn't work, type  X <return>  to quit.

Missing character: There is no X in font nullfont!

*X
Missing character: There is no X in font nullfont!

*XX
Missing character: There is no X in font nullfont!
Missing character: There is no X in font nullfont!

*XX
Missing character: There is no X in font nullfont!
Missing character: There is no X in font nullfont!

*^^[^^[
! Text line contains an invalid character.
<*> ^^[
       ^^[
A funny symbol that I can't read has just been input.
Continue, and I'll forget that it ever happened.

! Text line contains an invalid character.
<*> ^^[^^[
          
A funny symbol that I can't read has just been input.
Continue, and I'll forget that it ever happened.


Overfull \hbox (20.0pt too wide) detected at line 0
[]
 []


*
! Emergency stop.
<*> ^^[^^[
          
End of file on the terminal!

 
Here is how much of TeX's memory you used:
 11 strings out of 494910
 285 string characters out of 6179836
 45398 words of memory out of 5000000
 3397 multiletter control sequences out of 15000+600000
 3640 words of font info for 14 fonts, out of 8000000 for 9000
 36 hyphenation exceptions out of 8191
 5i,0n,4p,113b,14s stack positions out of 5000i,500n,10000p,200000b,80000s
!  ==> Fatal error occurred, no output PDF file produced!
